<testsuites>
  <testsuite name="Shorty" tests="40" assertions="124" errors="0" failures="0" skipped="0" time="0.032823">
    <testsuite name="TheIconic\ShortyTest\Controller\ApiControllerTest" file="/harness/tests/unit/Controller/ApiControllerTest.php" tests="17" assertions="80" errors="0" failures="0" skipped="0" time="0.017899">
      <testcase name="testStatus" class="TheIconic\ShortyTest\Controller\ApiControllerTest" classname="TheIconic.ShortyTest.Controller.ApiControllerTest" file="/harness/tests/unit/Controller/ApiControllerTest.php" line="15" assertions="3" time="0.007012"/>
      <testcase name="testStatusFailed" class="TheIconic\ShortyTest\Controller\ApiControllerTest" classname="TheIconic.ShortyTest.Controller.ApiControllerTest" file="/harness/tests/unit/Controller/ApiControllerTest.php" line="29" assertions="3" time="0.000320"/>
      <testcase name="testFetch" class="TheIconic\ShortyTest\Controller\ApiControllerTest" classname="TheIconic.ShortyTest.Controller.ApiControllerTest" file="/harness/tests/unit/Controller/ApiControllerTest.php" line="43" assertions="7" time="0.001011"/>
      <testcase name="testFetchNotFound" class="TheIconic\ShortyTest\Controller\ApiControllerTest" classname="TheIconic.ShortyTest.Controller.ApiControllerTest" file="/harness/tests/unit/Controller/ApiControllerTest.php" line="56" assertions="6" time="0.000480"/>
      <testcase name="testCreate" class="TheIconic\ShortyTest\Controller\ApiControllerTest" classname="TheIconic.ShortyTest.Controller.ApiControllerTest" file="/harness/tests/unit/Controller/ApiControllerTest.php" line="69" assertions="7" time="0.002671"/>
      <testcase name="testCreateNoAccess" class="TheIconic\ShortyTest\Controller\ApiControllerTest" classname="TheIconic.ShortyTest.Controller.ApiControllerTest" file="/harness/tests/unit/Controller/ApiControllerTest.php" line="83" assertions="3" time="0.000495"/>
      <testcase name="testCreateNoUrl" class="TheIconic\ShortyTest\Controller\ApiControllerTest" classname="TheIconic.ShortyTest.Controller.ApiControllerTest" file="/harness/tests/unit/Controller/ApiControllerTest.php" line="97" assertions="6" time="0.000333"/>
      <testcase name="testDelete" class="TheIconic\ShortyTest\Controller\ApiControllerTest" classname="TheIconic.ShortyTest.Controller.ApiControllerTest" file="/harness/tests/unit/Controller/ApiControllerTest.php" line="110" assertions="3" time="0.000824"/>
      <testcase name="testDeleteNoAccess" class="TheIconic\ShortyTest\Controller\ApiControllerTest" classname="TheIconic.ShortyTest.Controller.ApiControllerTest" file="/harness/tests/unit/Controller/ApiControllerTest.php" line="128" assertions="3" time="0.000253"/>
      <testcase name="testDeleteBadSecret" class="TheIconic\ShortyTest\Controller\ApiControllerTest" classname="TheIconic.ShortyTest.Controller.ApiControllerTest" file="/harness/tests/unit/Controller/ApiControllerTest.php" line="146" assertions="3" time="0.000476"/>
      <testcase name="testPatch" class="TheIconic\ShortyTest\Controller\ApiControllerTest" classname="TheIconic.ShortyTest.Controller.ApiControllerTest" file="/harness/tests/unit/Controller/ApiControllerTest.php" line="164" assertions="7" time="0.000992"/>
      <testcase name="testPatchNotFound" class="TheIconic\ShortyTest\Controller\ApiControllerTest" classname="TheIconic.ShortyTest.Controller.ApiControllerTest" file="/harness/tests/unit/Controller/ApiControllerTest.php" line="181" assertions="6" time="0.000469"/>
      <testcase name="testPatchNoUrl" class="TheIconic\ShortyTest\Controller\ApiControllerTest" classname="TheIconic.ShortyTest.Controller.ApiControllerTest" file="/harness/tests/unit/Controller/ApiControllerTest.php" line="198" assertions="5" time="0.001078"/>
      <testcase name="testPatchBadAccess" class="TheIconic\ShortyTest\Controller\ApiControllerTest" classname="TheIconic.ShortyTest.Controller.ApiControllerTest" file="/harness/tests/unit/Controller/ApiControllerTest.php" line="210" assertions="3" time="0.000313"/>
      <testcase name="testPatchNoAccess" class="TheIconic\ShortyTest\Controller\ApiControllerTest" classname="TheIconic.ShortyTest.Controller.ApiControllerTest" file="/harness/tests/unit/Controller/ApiControllerTest.php" line="225" assertions="3" time="0.000210"/>
      <testcase name="testPatchBadSecret" class="TheIconic\ShortyTest\Controller\ApiControllerTest" classname="TheIconic.ShortyTest.Controller.ApiControllerTest" file="/harness/tests/unit/Controller/ApiControllerTest.php" line="240" assertions="6" time="0.000498"/>
      <testcase name="testPatchNoSecret" class="TheIconic\ShortyTest\Controller\ApiControllerTest" classname="TheIconic.ShortyTest.Controller.ApiControllerTest" file="/harness/tests/unit/Controller/ApiControllerTest.php" line="254" assertions="6" time="0.000464"/>
    </testsuite>
    <testsuite name="TheIconic\ShortyTest\Controller\RedirectControllerTest" file="/harness/tests/unit/Controller/RedirectControllerTest.php" tests="3" assertions="7" errors="0" failures="0" skipped="0" time="0.001000">
      <testcase name="testRedirect" class="TheIconic\ShortyTest\Controller\RedirectControllerTest" classname="TheIconic.ShortyTest.Controller.RedirectControllerTest" file="/harness/tests/unit/Controller/RedirectControllerTest.php" line="19" assertions="3" time="0.000443"/>
<testcase name="testRedirectNotFound" class="TheIconic\ShortyTest\Controller\RedirectControllerTest" classname="TheIconic.ShortyTest.Controller.RedirectControllerTest" file="/harness/tests/unit/Controller/RedirectControllerTest.php" line="34" assertions="2" time="0.000282"/>
      <testcase name="testRedirectNoUrl" class="TheIconic\ShortyTest\Controller\RedirectControllerTest" classname="TheIconic.ShortyTest.Controller.RedirectControllerTest" file="/harness/tests/unit/Controller/RedirectControllerTest.php" line="48" assertions="2" time="0.000275"/>
    </testsuite>
    <testsuite name="TheIconic\ShortyTest\Entity\ErrorEntityTest" file="/harness/tests/unit/Entity/ErrorEntityTest.php" tests="1" assertions="5" errors="0" failures="0" skipped="0" time="0.000110">
      <testcase name="testAccessors" class="TheIconic\ShortyTest\Entity\ErrorEntityTest" classname="TheIconic.ShortyTest.Entity.ErrorEntityTest" file="/harness/tests/unit/Entity/ErrorEntityTest.php" line="9" assertions="5" time="0.000110"/>
    </testsuite>
    <testsuite name="TheIconic\ShortyTest\Entity\TokenEntityTest" file="/harness/tests/unit/Entity/TokenEntityTest.php" tests="1" assertions="4" errors="0" failures="0" skipped="0" time="0.000112">
      <testcase name="testAccessors" class="TheIconic\ShortyTest\Entity\TokenEntityTest" classname="TheIconic.ShortyTest.Entity.TokenEntityTest" file="/harness/tests/unit/Entity/TokenEntityTest.php" line="9" assertions="4" time="0.000112"/>
    </testsuite>
    <testsuite name="TheIconic\ShortyTest\Controller\RouteDispatcherTest" file="/harness/tests/unit/RouteDispatcherTest.php" tests="7" assertions="8" errors="0" failures="0" skipped="0" time="0.004345">
      <testcase name="testConstruct" class="TheIconic\ShortyTest\Controller\RouteDispatcherTest" classname="TheIconic.ShortyTest.Controller.RouteDispatcherTest" file="/harness/tests/unit/RouteDispatcherTest.php" line="42" assertions="1" time="0.001352"/>
      <testcase name="testConstructBadMethod" class="TheIconic\ShortyTest\Controller\RouteDispatcherTest" classname="TheIconic.ShortyTest.Controller.RouteDispatcherTest" file="/harness/tests/unit/RouteDispatcherTest.php" line="48" assertions="1" time="0.000451"/>
      <testcase name="testDispatchNotFound" class="TheIconic\ShortyTest\Controller\RouteDispatcherTest" classname="TheIconic.ShortyTest.Controller.RouteDispatcherTest" file="/harness/tests/unit/RouteDispatcherTest.php" line="67" assertions="2" time="0.000579"/>
      <testcase name="testDispatchNotAllowed" class="TheIconic\ShortyTest\Controller\RouteDispatcherTest" classname="TheIconic.ShortyTest.Controller.RouteDispatcherTest" file="/harness/tests/unit/RouteDispatcherTest.php" line="82" assertions="1" time="0.000310"/>
      <testcase name="testDispatchFound" class="TheIconic\ShortyTest\Controller\RouteDispatcherTest" classname="TheIconic.ShortyTest.Controller.RouteDispatcherTest" file="/harness/tests/unit/RouteDispatcherTest.php" line="96" assertions="1" time="0.000960"/>
      <testcase name="testDispatchFoundWithQueryParams" class="TheIconic\ShortyTest\Controller\RouteDispatcherTest" classname="TheIconic.ShortyTest.Controller.RouteDispatcherTest" file="/harness/tests/unit/RouteDispatcherTest.php" line="119" assertions="1" time="0.000422"/>
      <testcase name="testDispatchFoundWithBodyParams" class="TheIconic\ShortyTest\Controller\RouteDispatcherTest" classname="TheIconic.ShortyTest.Controller.RouteDispatcherTest" file="/harness/tests/unit/RouteDispatcherTest.php" line="143" assertions="1" time="0.000271"/>
    </testsuite>
    <testsuite name="TheIconic\ShortyTest\Controller\PdoAdapterTest" file="/harness/tests/unit/Storage/Adapter/PdoAdapterTest.php" tests="11" assertions="20" errors="0" failures="0" skipped="0" time="0.009357">
      <testcase name="testStatus" class="TheIconic\ShortyTest\Controller\PdoAdapterTest" classname="TheIconic.ShortyTest.Controller.PdoAdapterTest" file="/harness/tests/unit/Storage/Adapter/PdoAdapterTest.php" line="25" assertions="1" time="0.001246"/>
      <testcase name="testStatusBadAdapter" class="TheIconic\ShortyTest\Controller\PdoAdapterTest" classname="TheIconic.ShortyTest.Controller.PdoAdapterTest" file="/harness/tests/unit/Storage/Adapter/PdoAdapterTest.php" line="35" assertions="1" time="0.000251"/>
      <testcase name="testFetch" class="TheIconic\ShortyTest\Controller\PdoAdapterTest" classname="TheIconic.ShortyTest.Controller.PdoAdapterTest" file="/harness/tests/unit/Storage/Adapter/PdoAdapterTest.php" line="43" assertions="2" time="0.001242"/>
      <testcase name="testFetchEmptyToken" class="TheIconic\ShortyTest\Controller\PdoAdapterTest" classname="TheIconic.ShortyTest.Controller.PdoAdapterTest" file="/harness/tests/unit/Storage/Adapter/PdoAdapterTest.php" line="54" assertions="2" time="0.000720"/>
      <testcase name="testStore" class="TheIconic\ShortyTest\Controller\PdoAdapterTest" classname="TheIconic.ShortyTest.Controller.PdoAdapterTest" file="/harness/tests/unit/Storage/Adapter/PdoAdapterTest.php" line="65" assertions="2" time="0.000626"/>
       <testcase name="testUpdate" class="TheIconic\ShortyTest\Controller\PdoAdapterTest" classname="TheIconic.ShortyTest.Controller.PdoAdapterTest" file="/harness/tests/unit/Storage/Adapter/PdoAdapterTest.php" line="75" assertions="2" time="0.001335"/>
      <testcase name="testUpdateEmptyToken" class="TheIconic\ShortyTest\Controller\PdoAdapterTest" classname="TheIconic.ShortyTest.Controller.PdoAdapterTest" file="/harness/tests/unit/Storage/Adapter/PdoAdapterTest.php" line="86" assertions="2" time="0.000732"/>
      <testcase name="testDelete" class="TheIconic\ShortyTest\Controller\PdoAdapterTest" classname="TheIconic.ShortyTest.Controller.PdoAdapterTest" file="/harness/tests/unit/Storage/Adapter/PdoAdapterTest.php" line="97" assertions="2" time="0.001148"/>
      <testcase name="testDeleteEmptyToken" class="TheIconic\ShortyTest\Controller\PdoAdapterTest" classname="TheIconic.ShortyTest.Controller.PdoAdapterTest" file="/harness/tests/unit/Storage/Adapter/PdoAdapterTest.php" line="108" assertions="2" time="0.000720"/>
      <testcase name="testGetIncrement" class="TheIconic\ShortyTest\Controller\PdoAdapterTest" classname="TheIconic.ShortyTest.Controller.PdoAdapterTest" file="/harness/tests/unit/Storage/Adapter/PdoAdapterTest.php" line="119" assertions="2" time="0.001040"/>
      <testcase name="testAccessors" class="TheIconic\ShortyTest\Controller\PdoAdapterTest" classname="TheIconic.ShortyTest.Controller.PdoAdapterTest" file="/harness/tests/unit/Storage/Adapter/PdoAdapterTest.php" line="130" assertions="2" time="0.000297"/>
    </testsuite>
  </testsuite>
</testsuites>
